9-VideoDecoder/android-videostreamdecodingsample/app/build/outputs/mapping/debug/mapping.txt
# compiler: R8
# compiler_version: 2.2.66
# min_api: 28
# pg_map_id: c4fb68f
# common_typos_disable
com.dji.videostreamdecodingsample.-$$Lambda$ConnectionActivity$3uBFBfzfoAzZsKke5sjCAt40DNg -> com.dji.videostreamdecodingsample.a:
# {"id":"sourceFile","fileName":"lambda"}
    com.dji.videostreamdecodingsample.ConnectionActivity f$0 -> a
com.dji.videostreamdecodingsample.-$$Lambda$ConnectionActivity$HR1O_OAIgaBPumeEXQ3sjNfdxCg -> com.dji.videostreamdecodingsample.b:
# {"id":"sourceFile","fileName":"lambda"}
    com.dji.videostreamdecodingsample.ConnectionActivity f$0 -> a
com.dji.videostreamdecodingsample.-$$Lambda$ConnectionActivity$jzMQM8xJ-pB35Qwx1jGAr-SsEwY -> com.dji.videostreamdecodingsample.c:
# {"id":"sourceFile","fileName":"lambda"}
    com.dji.videostreamdecodingsample.ConnectionActivity f$0 -> a
com.dji.videostreamdecodingsample.-$$Lambda$ConnectionViewModel$registerApp$1$1G2qia-jgeLX1BRzffLcSg3ancc -> com.dji.videostreamdecodingsample.d:
# {"id":"sourceFile","fileName":"lambda"}
    com.dji.videostreamdecodingsample.-$$Lambda$ConnectionViewModel$registerApp$1$1G2qia-jgeLX1BRzffLcSg3ancc INSTANCE -> a
com.dji.videostreamdecodingsample.-$$Lambda$MainActivity$1xYT7sh9qL5SzW7bItso1Z1grU0 -> com.dji.videostreamdecodingsample.e:
# {"id":"sourceFile","fileName":"lambda"}
    com.dji.videostreamdecodingsample.MainActivity f$0 -> a
com.dji.videostreamdecodingsample.-$$Lambda$MainActivity$4MH5NMihuv7AkCPJq2SwQYn9P9U -> com.dji.videostreamdecodingsample.f:
# {"id":"sourceFile","fileName":"lambda"}
    com.dji.videostreamdecodingsample.MainActivity f$0 -> a
com.dji.videostreamdecodingsample.-$$Lambda$MainActivity$SAPwDHf_3n1Mxf5ggLZT-tXKb8k -> com.dji.videostreamdecodingsample.g:
# {"id":"sourceFile","fileName":"lambda"}
    com.dji.videostreamdecodingsample.MainActivity f$0 -> a
com.dji.videostreamdecodingsample.-$$Lambda$MainActivity$aKWKNFdq-zFG6ECslgse16Vf6qg -> com.dji.videostreamdecodingsample.h:
# {"id":"sourceFile","fileName":"lambda"}
    com.dji.videostreamdecodingsample.-$$Lambda$MainActivity$aKWKNFdq-zFG6ECslgse16Vf6qg INSTANCE -> a
com.dji.videostreamdecodingsample.-$$Lambda$MainActivity$nhSIpAhh1DR7dgE7eP4DxmCVM_s -> com.dji.videostreamdecodingsample.i:
# {"id":"sourceFile","fileName":"lambda"}
    com.dji.videostreamdecodingsample.MainActivity f$0 -> a
    java.lang.String f$1 -> b
com.dji.videostreamdecodingsample.-$$Lambda$MainActivity$oOohI3VOp68H9gShHzOWNGBTsGQ -> com.dji.videostreamdecodingsample.j:
# {"id":"sourceFile","fileName":"lambda"}
    com.dji.videostreamdecodingsample.MainActivity f$0 -> a
com.dji.videostreamdecodingsample.-$$Lambda$MainActivity$sPhJ6eDgJm5wL7TxJ21u5dJ_-y0 -> com.dji.videostreamdecodingsample.k:
# {"id":"sourceFile","fileName":"lambda"}
    com.dji.videostreamdecodingsample.MainActivity f$0 -> a
com.dji.videostreamdecodingsample.-$$Lambda$MainActivity$ux_PeNeeesaO9CHLUoC309l2YTM -> com.dji.videostreamdecodingsample.l:
# {"id":"sourceFile","fileName":"lambda"}
    com.dji.videostreamdecodingsample.MainActivity f$0 -> a
com.dji.videostreamdecodingsample.-$$Lambda$MainActivity$w2M6fzoNzqHXpxMHN6PFNgu8P6U -> com.dji.videostreamdecodingsample.m:
# {"id":"sourceFile","fileName":"lambda"}
    com.dji.videostreamdecodingsample.MainActivity f$0 -> a
    java.lang.String f$1 -> b
com.dji.videostreamdecodingsample.BuildConfig -> com.dji.videostreamdecodingsample.BuildConfig:
    7:7:void <clinit>() -> <clinit>
    6:6:void <init>() -> <init>
...
androidx.recyclerview.widget.RecyclerView$LayoutManager$2 -> androidx.recyclerview.widget.RecyclerView$LayoutManager$2:
    7627:7627:void <init>(androidx.recyclerview.widget.RecyclerView$LayoutManager) -> <init>
    7630:7630:android.view.View getChildAt(int) -> getChildAt
    7653:7655:int getChildEnd(android.view.View) -> getChildEnd
    7646:7648:int getChildStart(android.view.View) -> getChildStart
    7640:7641:int getParentEnd() -> getParentEnd
    7635:7635:int getParentStart() -> getParentStart
androidx.recyclerview.widget.RecyclerView$LayoutManager$Properties -> androidx.recyclerview.widget.RecyclerView$LayoutManager$Properties:
    10683:10683:void <init>() -> <init>
androidx.recyclerview.widget.RecyclerView$LayoutParams -> androidx.recyclerview.widget.RecyclerView$LayoutParams:
    11617:11626:void <init>(android.content.Context,android.util.AttributeSet) -> <init>
    11617:11630:void <init>(int,int) -> <init>
    11617:11634:void <init>(android.view.ViewGroup$MarginLayoutParams) -> <init>
    11617:11638:void <init>(android.view.ViewGroup$LayoutParams) -> <init>
    11617:11642:void <init>(androidx.recyclerview.widget.RecyclerView$LayoutParams) -> <init>
    11713:11713:int getViewAdapterPosition() -> getViewAdapterPosition
    11701:11701:int getViewLayoutPosition() -> getViewLayoutPosition
    11691:11691:int getViewPosition() -> getViewPosition
    11683:11683:boolean isItemChanged() -> isItemChanged
    11672:11672:boolean isItemRemoved() -> isItemRemoved
    11661:11661:boolean isViewInvalid() -> isViewInvalid
    11651:11651:boolean viewNeedsUpdate() -> viewNeedsUpdate
androidx.recyclerview.widget.RecyclerView$OnFlingListener -> androidx.recyclerview.widget.RecyclerView$OnFlingListener:
    12663:12663:void <init>() -> <init>
androidx.recyclerview.widget.RecyclerView$OnScrollListener -> androidx.recyclerview.widget.RecyclerView$OnScrollListener:
    10870:10870:void <init>() -> <init>
    10878:10878:void onScrollStateChanged(androidx.recyclerview.widget.RecyclerView,int) -> onScrollStateChanged
    10891:10891:void onScrolled(androidx.recyclerview.widget.RecyclerView,int,int) -> onScrolled
androidx.recyclerview.widget.RecyclerView$RecycledViewPool -> androidx.recyclerview.widget.RecyclerView$RecycledViewPool:
    5635:5660:void <init>() -> <init>
    5782:5783:void attach() -> attach
    5666:5670:void clear() -> clear
    5786:5787:void detach() -> detach
    5766:5769:void factorInBindTime(int,long) -> factorInBindTime
    5760:5763:void factorInCreateTime(int,long) -> factorInCreateTime
    5704:5713:androidx.recyclerview.widget.RecyclerView$ViewHolder getRecycledView(int) -> getRecycledView
    5691:5691:int getRecycledViewCount(int) -> getRecycledViewCount
    5815:5820:androidx.recyclerview.widget.RecyclerView$RecycledViewPool$ScrapData getScrapDataForType(int) -> getScrapDataForType
    5803:5812:void onAdapterChanged(androidx.recyclerview.widget.RecyclerView$Adapter,androidx.recyclerview.widget.RecyclerView$Adapter,boolean) -> onAdapterChanged
    5740:5750:void putRecycledView(androidx.recyclerview.widget.RecyclerView$ViewHolder) -> putRecycledView
    5753:5756:long runningAverage(long,long) -> runningAverage
    5679:5685:void setMaxRecycledViews(int,int) -> setMaxRecycledViews
    5722:5729:int size() -> size
    5777:5778:boolean willBindInTime(int,long,long) -> willBindInTime
    5772:5773:boolean willCreateInTime(int,long,long) -> willCreateInTime
androidx.recyclerview.widget.RecyclerView$RecycledViewPool$ScrapData -> androidx.recyclerview.widget.RecyclerView$RecycledViewPool$ScrapData:
    5652:5656:void <init>() -> <init>