9-VideoDecoder/android-videostreamdecodingsample/app/build/outputs/mapping/debug/usage.txt
kotlinx.coroutines.selects.SelectBuilderImpl$onTimeout$$inlined$Runnable$1
kotlinx.coroutines.selects.SelectBuilderImpl
kotlinx.coroutines.selects.SelectClause0
kotlinx.coroutines.selects.SelectClause1
kotlinx.coroutines.selects.SelectClause2
kotlinx.coroutines.selects.SelectInstance
kotlinx.coroutines.selects.SelectKt
kotlinx.coroutines.selects.SelectUnbiasedKt
kotlinx.coroutines.selects.SeqNumber
kotlinx.coroutines.selects.UnbiasedSelectBuilderImpl$invoke$1
kotlinx.coroutines.selects.UnbiasedSelectBuilderImpl$invoke$2
kotlinx.coroutines.selects.UnbiasedSelectBuilderImpl$invoke$3
kotlinx.coroutines.selects.UnbiasedSelectBuilderImpl$onTimeout$1
kotlinx.coroutines.selects.UnbiasedSelectBuilderImpl
kotlinx.coroutines.selects.WhileSelectKt$whileSelect$1
kotlinx.coroutines.selects.WhileSelectKt
kotlinx.coroutines.sync.CancelSemaphoreAcquisitionHandler
kotlinx.coroutines.sync.Empty
kotlinx.coroutines.sync.Mutex$DefaultImpls
kotlinx.coroutines.sync.Mutex
kotlinx.coroutines.sync.MutexImpl$LockCont$tryResumeLockWaiter$1
kotlinx.coroutines.sync.MutexImpl$LockCont
kotlinx.coroutines.sync.MutexImpl$LockSelect$completeResumeLockWaiter$2
kotlinx.coroutines.sync.MutexImpl$LockSelect
kotlinx.coroutines.sync.MutexImpl$LockWaiter
kotlinx.coroutines.sync.MutexImpl$LockedQueue
kotlinx.coroutines.sync.MutexImpl$TryLockDesc$PrepareOp
kotlinx.coroutines.sync.MutexImpl$TryLockDesc
kotlinx.coroutines.sync.MutexImpl$UnlockOp
kotlinx.coroutines.sync.MutexImpl$lockSuspend$$inlined$suspendCancellableCoroutineReusable$lambda$1
kotlinx.coroutines.sync.MutexImpl$registerSelectClause2$$inlined$addLastIf$1
kotlinx.coroutines.sync.MutexImpl
kotlinx.coroutines.sync.MutexKt$withLock$1
kotlinx.coroutines.sync.MutexKt
kotlinx.coroutines.sync.Semaphore
kotlinx.coroutines.sync.SemaphoreImpl$onCancellationRelease$1
kotlinx.coroutines.sync.SemaphoreImpl
kotlinx.coroutines.sync.SemaphoreKt$withPermit$1
kotlinx.coroutines.sync.SemaphoreKt
kotlinx.coroutines.sync.SemaphoreSegment
kotlinx.coroutines.test.TestCoroutineContext$$special$$inlined$CoroutineExceptionHandler$1
kotlinx.coroutines.test.TestCoroutineContext$Dispatcher$invokeOnTimeout$1
kotlinx.coroutines.test.TestCoroutineContext$Dispatcher$scheduleResumeAfterDelay$$inlined$Runnable$1
kotlinx.coroutines.test.TestCoroutineContext$Dispatcher
kotlinx.coroutines.test.TestCoroutineContext
kotlinx.coroutines.test.TestCoroutineContextKt
kotlinx.coroutines.test.TimedRunnableObsolete
okhttp3.Address
okhttp3.Authenticator$Companion$AuthenticatorNone
okhttp3.Authenticator$Companion
okhttp3.Authenticator
okhttp3.Cache$CacheResponseBody$1
okhttp3.Cache$CacheResponseBody
okhttp3.Cache$Companion
okhttp3.Cache$Entry$Companion
okhttp3.Cache$Entry
okhttp3.Cache$RealCacheRequest$1
okhttp3.Cache$RealCacheRequest
okhttp3.Cache$urls$1
okhttp3.Cache
okhttp3.CacheControl$Builder
okhttp3.CacheControl$Companion
okhttp3.CacheControl
okhttp3.Call$Factory
okhttp3.Call
okhttp3.Callback
okhttp3.CertificatePinner$Builder
okhttp3.CertificatePinner$Companion
okhttp3.CertificatePinner$Pin
okhttp3.CertificatePinner$check$1
okhttp3.CertificatePinner
okhttp3.Challenge
okhttp3.CipherSuite$Companion$ORDER_BY_NAME$1
okhttp3.CipherSuite$Companion
okhttp3.CipherSuite
okhttp3.Connection
okhttp3.ConnectionPool
okhttp3.ConnectionSpec$Builder
okhttp3.ConnectionSpec$Companion
okhttp3.ConnectionSpec
okhttp3.Cookie$Builder
okhttp3.Cookie$Companion
okhttp3.Cookie
okhttp3.CookieJar$Companion$NoCookies
okhttp3.CookieJar$Companion
okhttp3.CookieJar
okhttp3.Credentials
okhttp3.Dispatcher
okhttp3.Dns$Companion$DnsSystem
okhttp3.Dns$Companion
okhttp3.Dns
okhttp3.EventListener$Companion$NONE$1
okhttp3.EventListener$Companion
okhttp3.EventListener$Factory
okhttp3.EventListener
okhttp3.FormBody$Builder
okhttp3.FormBody$Companion
okhttp3.FormBody
okhttp3.Handshake$Companion$get$1
okhttp3.Handshake$Companion$handshake$1
okhttp3.Handshake$Companion
okhttp3.Handshake
okhttp3.Headers$Builder
okhttp3.Headers$Companion
okhttp3.Headers
okhttp3.HttpUrl$Builder$Companion